# JRE version: OpenJDK Runtime Environment Temurin-17.0.4.1+1 (17.0.4.1+1) (build 17.0.4.1+1)
# Java VM: OpenJDK 64-Bit Server VM Temurin-17.0.4.1+1 (17.0.4.1+1, mixed mode, tiered, compressed oops, compressed class ptrs, g1 gc, windows-amd64)
GC Precious Log:
 CPUs: 12 total, 12 available
 Memory: 16310M
 Large Page Support: Disabled
 NUMA Support: Disabled
 Compressed Oops: Enabled (Zero based)
 Heap Region Size: 2M
 Heap Min Capacity: 8M
 Heap Initial Capacity: 256M
 Heap Max Capacity: 4078M
 Pre-touch: Disabled
 Parallel Workers: 10
 Concurrent Workers: 3
 Concurrent Refinement Workers: 10
 Periodic GC: Disabled
Heap:
 garbage-first heap   total 792576K, used 544638K [0x0000000701200000, 0x0000000800000000)
  region size 2048K, 159 young (325632K), 8 survivors (16384K)
 Metaspace       used 74630K, committed 75456K, reserved 1114112K
  class space    used 10450K, committed 10816K, reserved 1048576K
GC Heap History (20 events):
Event: 6.886 GC heap before
{Heap before GC invocations=25 (full 0):
 garbage-first heap   total 1462272K, used 731423K [0x0000000701200000, 0x0000000800000000)
  region size 2048K, 35 young (71680K), 16 survivors (32768K)
 Metaspace       used 23234K, committed 23488K, reserved 1073152K
  class space    used 2557K, committed 2688K, reserved 1048576K
}
Event: 6.899 GC heap after
{Heap after GC invocations=26 (full 0):
 garbage-first heap   total 1462272K, used 686760K [0x0000000701200000, 0x0000000800000000)
  region size 2048K, 2 young (4096K), 2 survivors (4096K)
 Metaspace       used 23234K, committed 23488K, reserved 1073152K
  class space    used 2557K, committed 2688K, reserved 1048576K
}
Event: 7.366 GC heap before
{Heap before GC invocations=26 (full 0):
 garbage-first heap   total 1462272K, used 764584K [0x0000000701200000, 0x0000000800000000)
  region size 2048K, 41 young (83968K), 2 survivors (4096K)
 Metaspace       used 23311K, committed 23552K, reserved 1073152K
  class space    used 2557K, committed 2688K, reserved 1048576K
}
Event: 7.371 GC heap after
{Heap after GC invocations=27 (full 0):
 garbage-first heap   total 1462272K, used 687773K [0x0000000701200000, 0x0000000800000000)
  region size 2048K, 3 young (6144K), 3 survivors (6144K)
 Metaspace       used 23311K, committed 23552K, reserved 1073152K
  class space    used 2557K, committed 2688K, reserved 1048576K
}
Event: 9.379 GC heap before
{Heap before GC invocations=28 (full 0):
 garbage-first heap   total 1462272K, used 1054365K [0x0000000701200000, 0x0000000800000000)
  region size 2048K, 181 young (370688K), 3 survivors (6144K)
 Metaspace       used 26806K, committed 27072K, reserved 1073152K
  class space    used 2943K, committed 3072K, reserved 1048576K
}
Event: 9.396 GC heap after
{Heap after GC invocations=29 (full 0):
 garbage-first heap   total 1462272K, used 726134K [0x0000000701200000, 0x0000000800000000)
  region size 2048K, 22 young (45056K), 22 survivors (45056K)
 Metaspace       used 26806K, committed 27072K, reserved 1073152K
  class space    used 2943K, committed 3072K, reserved 1048576K
}
Event: 9.704 GC heap before
{Heap before GC invocations=29 (full 0):
 garbage-first heap   total 1462272K, used 756854K [0x0000000701200000, 0x0000000800000000)
  region size 2048K, 35 young (71680K), 22 survivors (45056K)
 Metaspace       used 28195K, committed 28480K, reserved 1081344K
  class space    used 3130K, committed 3264K, reserved 1048576K
}
Event: 9.717 GC heap after
{Heap after GC invocations=30 (full 0):
 garbage-first heap   total 1462272K, used 733000K [0x0000000701200000, 0x0000000800000000)
  region size 2048K, 5 young (10240K), 5 survivors (10240K)
 Metaspace       used 28195K, committed 28480K, reserved 1081344K
  class space    used 3130K, committed 3264K, reserved 1048576K
}
Event: 11.538 GC heap before
{Heap before GC invocations=30 (full 0):
 garbage-first heap   total 1462272K, used 1103688K [0x0000000701200000, 0x0000000800000000)
  region size 2048K, 181 young (370688K), 5 survivors (10240K)
 Metaspace       used 38770K, committed 39168K, reserved 1089536K
  class space    used 4511K, committed 4736K, reserved 1048576K
}
Event: 11.543 GC heap after
{Heap after GC invocations=31 (full 0):
 garbage-first heap   total 1462272K, used 754812K [0x0000000701200000, 0x0000000800000000)
  region size 2048K, 9 young (18432K), 9 survivors (18432K)
 Metaspace       used 38770K, committed 39168K, reserved 1089536K
  class space    used 4511K, committed 4736K, reserved 1048576K
}
Event: 12.415 GC heap before
{Heap before GC invocations=32 (full 0):
 garbage-first heap   total 792576K, used 627836K [0x0000000701200000, 0x0000000800000000)
  region size 2048K, 204 young (417792K), 9 survivors (18432K)
 Metaspace       used 43511K, committed 43968K, reserved 1089536K
  class space    used 5200K, committed 5440K, reserved 1048576K
}
Event: 12.431 GC heap after
{Heap after GC invocations=33 (full 0):
 garbage-first heap   total 792576K, used 257860K [0x0000000701200000, 0x0000000800000000)
  region size 2048K, 24 young (49152K), 24 survivors (49152K)
 Metaspace       used 43511K, committed 43968K, reserved 1089536K
  class space    used 5200K, committed 5440K, reserved 1048576K
}
Event: 12.434 GC heap before
{Heap before GC invocations=33 (full 0):
 garbage-first heap   total 792576K, used 259908K [0x0000000701200000, 0x0000000800000000)
  region size 2048K, 25 young (51200K), 24 survivors (49152K)
 Metaspace       used 43511K, committed 43968K, reserved 1089536K
  class space    used 5200K, committed 5440K, reserved 1048576K
}
Event: 12.445 GC heap after
{Heap after GC invocations=34 (full 0):
 garbage-first heap   total 792576K, used 195473K [0x0000000701200000, 0x0000000800000000)
  region size 2048K, 4 young (8192K), 4 survivors (8192K)
 Metaspace       used 43511K, committed 43968K, reserved 1089536K
  class space    used 5200K, committed 5440K, reserved 1048576K
}
Event: 14.031 GC heap before
{Heap before GC invocations=34 (full 0):
 garbage-first heap   total 792576K, used 566161K [0x0000000701200000, 0x0000000800000000)
  region size 2048K, 185 young (378880K), 4 survivors (8192K)
 Metaspace       used 57327K, committed 57856K, reserved 1105920K
  class space    used 7765K, committed 8000K, reserved 1048576K
}
Event: 14.042 GC heap after
{Heap after GC invocations=35 (full 0):
 garbage-first heap   total 792576K, used 221921K [0x0000000701200000, 0x0000000800000000)
  region size 2048K, 17 young (34816K), 17 survivors (34816K)
 Metaspace       used 57327K, committed 57856K, reserved 1105920K
  class space    used 7765K, committed 8000K, reserved 1048576K
}
Event: 15.029 GC heap before
{Heap before GC invocations=35 (full 0):
 garbage-first heap   total 792576K, used 574177K [0x0000000701200000, 0x0000000800000000)
  region size 2048K, 189 young (387072K), 17 survivors (34816K)
 Metaspace       used 64368K, committed 65024K, reserved 1105920K
  class space    used 8838K, committed 9152K, reserved 1048576K
}
Event: 15.040 GC heap after
{Heap after GC invocations=36 (full 0):
 garbage-first heap   total 792576K, used 235926K [0x0000000701200000, 0x0000000800000000)
  region size 2048K, 7 young (14336K), 7 survivors (14336K)
 Metaspace       used 64368K, committed 65024K, reserved 1105920K
  class space    used 8838K, committed 9152K, reserved 1048576K
}
Event: 15.276 GC heap before
{Heap before GC invocations=36 (full 0):
 garbage-first heap   total 792576K, used 295318K [0x0000000701200000, 0x0000000800000000)
  region size 2048K, 37 young (75776K), 7 survivors (14336K)
 Metaspace       used 65250K, committed 65856K, reserved 1105920K
  class space    used 8964K, committed 9280K, reserved 1048576K
}
Event: 15.280 GC heap after
{Heap after GC invocations=37 (full 0):
 garbage-first heap   total 792576K, used 237438K [0x0000000701200000, 0x0000000800000000)
  region size 2048K, 8 young (16384K), 8 survivors (16384K)
 Metaspace       used 65250K, committed 65856K, reserved 1105920K
  class space    used 8964K, committed 9280K, reserved 1048576K
}

