# JRE version: OpenJDK Runtime Environment Temurin-17.0.4.1+1 (17.0.4.1+1) (build 17.0.4.1+1)
# Java VM: OpenJDK 64-Bit Server VM Temurin-17.0.4.1+1 (17.0.4.1+1, mixed mode, tiered, compressed oops, compressed class ptrs, g1 gc, windows-amd64)
GC Precious Log:
 CPUs: 12 total, 12 available
 Memory: 16310M
 Large Page Support: Disabled
 NUMA Support: Disabled
 Compressed Oops: Enabled (Zero based)
 Heap Region Size: 2M
 Heap Min Capacity: 8M
 Heap Initial Capacity: 256M
 Heap Max Capacity: 4078M
 Pre-touch: Disabled
 Parallel Workers: 10
 Concurrent Workers: 3
 Concurrent Refinement Workers: 10
 Periodic GC: Disabled
Heap:
 garbage-first heap   total 1011712K, used 558964K [0x0000000701200000, 0x0000000800000000)
  region size 2048K, 145 young (296960K), 14 survivors (28672K)
 Metaspace       used 76221K, committed 76992K, reserved 1122304K
  class space    used 10688K, committed 11008K, reserved 1048576K
GC Heap History (20 events):
Event: 6.052 GC heap before
{Heap before GC invocations=19 (full 0):
 garbage-first heap   total 1130496K, used 696814K [0x0000000701200000, 0x0000000800000000)
  region size 2048K, 27 young (55296K), 8 survivors (16384K)
 Metaspace       used 23046K, committed 23296K, reserved 1073152K
  class space    used 2555K, committed 2688K, reserved 1048576K
}
Event: 6.061 GC heap after
{Heap after GC invocations=20 (full 0):
 garbage-first heap   total 1130496K, used 660098K [0x0000000701200000, 0x0000000800000000)
  region size 2048K, 3 young (6144K), 3 survivors (6144K)
 Metaspace       used 23046K, committed 23296K, reserved 1073152K
  class space    used 2555K, committed 2688K, reserved 1048576K
}
Event: 6.148 GC heap before
{Heap before GC invocations=20 (full 0):
 garbage-first heap   total 1130496K, used 821890K [0x0000000701200000, 0x0000000800000000)
  region size 2048K, 82 young (167936K), 3 survivors (6144K)
 Metaspace       used 23144K, committed 23360K, reserved 1073152K
  class space    used 2557K, committed 2688K, reserved 1048576K
}
Event: 6.152 GC heap after
{Heap after GC invocations=21 (full 0):
 garbage-first heap   total 1130496K, used 665715K [0x0000000701200000, 0x0000000800000000)
  region size 2048K, 6 young (12288K), 6 survivors (12288K)
 Metaspace       used 23144K, committed 23360K, reserved 1073152K
  class space    used 2557K, committed 2688K, reserved 1048576K
}
Event: 6.245 GC heap before
{Heap before GC invocations=21 (full 0):
 garbage-first heap   total 1130496K, used 843891K [0x0000000701200000, 0x0000000800000000)
  region size 2048K, 93 young (190464K), 6 survivors (12288K)
 Metaspace       used 23166K, committed 23424K, reserved 1073152K
  class space    used 2557K, committed 2688K, reserved 1048576K
}
Event: 6.253 GC heap after
{Heap after GC invocations=22 (full 0):
 garbage-first heap   total 1740800K, used 670335K [0x0000000701200000, 0x0000000800000000)
  region size 2048K, 8 young (16384K), 8 survivors (16384K)
 Metaspace       used 23166K, committed 23424K, reserved 1073152K
  class space    used 2557K, committed 2688K, reserved 1048576K
}
Event: 7.050 GC heap before
{Heap before GC invocations=23 (full 0):
 garbage-first heap   total 1740800K, used 1143423K [0x0000000701200000, 0x0000000800000000)
  region size 2048K, 242 young (495616K), 8 survivors (16384K)
 Metaspace       used 23243K, committed 23552K, reserved 1073152K
  class space    used 2557K, committed 2688K, reserved 1048576K
}
Event: 7.070 GC heap after
{Heap after GC invocations=24 (full 0):
 garbage-first heap   total 1740800K, used 680284K [0x0000000701200000, 0x0000000800000000)
  region size 2048K, 16 young (32768K), 16 survivors (32768K)
 Metaspace       used 23243K, committed 23552K, reserved 1073152K
  class space    used 2557K, committed 2688K, reserved 1048576K
}
Event: 7.198 GC heap before
{Heap before GC invocations=24 (full 0):
 garbage-first heap   total 1740800K, used 733532K [0x0000000701200000, 0x0000000800000000)
  region size 2048K, 42 young (86016K), 16 survivors (32768K)
 Metaspace       used 23243K, committed 23552K, reserved 1073152K
  class space    used 2557K, committed 2688K, reserved 1048576K
}
Event: 7.213 GC heap after
{Heap after GC invocations=25 (full 0):
 garbage-first heap   total 1740800K, used 677338K [0x0000000701200000, 0x0000000800000000)
  region size 2048K, 2 young (4096K), 2 survivors (4096K)
 Metaspace       used 23243K, committed 23552K, reserved 1073152K
  class space    used 2557K, committed 2688K, reserved 1048576K
}
Event: 11.358 GC heap before
{Heap before GC invocations=25 (full 0):
 garbage-first heap   total 1740800K, used 1310170K [0x0000000701200000, 0x0000000800000000)
  region size 2048K, 302 young (618496K), 2 survivors (4096K)
 Metaspace       used 34148K, committed 34560K, reserved 1081344K
  class space    used 3869K, committed 4032K, reserved 1048576K
}
Event: 11.378 GC heap after
{Heap after GC invocations=26 (full 0):
 garbage-first heap   total 1740800K, used 741679K [0x0000000701200000, 0x0000000800000000)
  region size 2048K, 26 young (53248K), 26 survivors (53248K)
 Metaspace       used 34148K, committed 34560K, reserved 1081344K
  class space    used 3869K, committed 4032K, reserved 1048576K
}
Event: 12.126 GC heap before
{Heap before GC invocations=26 (full 0):
 garbage-first heap   total 1740800K, used 923951K [0x0000000701200000, 0x0000000800000000)
  region size 2048K, 116 young (237568K), 26 survivors (53248K)
 Metaspace       used 38764K, committed 39168K, reserved 1089536K
  class space    used 4509K, committed 4736K, reserved 1048576K
}
Event: 12.142 GC heap after
{Heap after GC invocations=27 (full 0):
 garbage-first heap   total 1740800K, used 752779K [0x0000000701200000, 0x0000000800000000)
  region size 2048K, 6 young (12288K), 6 survivors (12288K)
 Metaspace       used 38764K, committed 39168K, reserved 1089536K
  class space    used 4509K, committed 4736K, reserved 1048576K
}
Event: 14.059 GC heap before
{Heap before GC invocations=28 (full 0):
 garbage-first heap   total 1740800K, used 1313931K [0x0000000701200000, 0x0000000800000000)
  region size 2048K, 296 young (606208K), 6 survivors (12288K)
 Metaspace       used 49087K, committed 49600K, reserved 1097728K
  class space    used 6036K, committed 6272K, reserved 1048576K
}
Event: 14.078 GC heap after
{Heap after GC invocations=29 (full 0):
 garbage-first heap   total 1740800K, used 771835K [0x0000000701200000, 0x0000000800000000)
  region size 2048K, 31 young (63488K), 31 survivors (63488K)
 Metaspace       used 49087K, committed 49600K, reserved 1097728K
  class space    used 6036K, committed 6272K, reserved 1048576K
}
Event: 14.200 GC heap before
{Heap before GC invocations=29 (full 0):
 garbage-first heap   total 1740800K, used 794363K [0x0000000701200000, 0x0000000800000000)
  region size 2048K, 42 young (86016K), 31 survivors (63488K)
 Metaspace       used 50097K, committed 50624K, reserved 1097728K
  class space    used 6211K, committed 6464K, reserved 1048576K
}
Event: 14.216 GC heap after
{Heap after GC invocations=30 (full 0):
 garbage-first heap   total 1740800K, used 749044K [0x0000000701200000, 0x0000000800000000)
  region size 2048K, 5 young (10240K), 5 survivors (10240K)
 Metaspace       used 50097K, committed 50624K, reserved 1097728K
  class space    used 6211K, committed 6464K, reserved 1048576K
}
Event: 16.676 GC heap before
{Heap before GC invocations=30 (full 0):
 garbage-first heap   total 1740800K, used 1357300K [0x0000000701200000, 0x0000000800000000)
  region size 2048K, 302 young (618496K), 5 survivors (10240K)
 Metaspace       used 67100K, committed 67776K, reserved 1114112K
  class space    used 9274K, committed 9600K, reserved 1048576K
}
Event: 16.685 GC heap after
{Heap after GC invocations=31 (full 0):
 garbage-first heap   total 1740800K, used 765812K [0x0000000701200000, 0x0000000800000000)
  region size 2048K, 14 young (28672K), 14 survivors (28672K)
 Metaspace       used 67100K, committed 67776K, reserved 1114112K
  class space    used 9274K, committed 9600K, reserved 1048576K
}

